<?xml version="1.0" encoding="UTF-8"?>
<testng-results ignored="0" total="1" passed="1" failed="0" skipped="0">
  <reporter-output>
  </reporter-output>
  <suite started-at="2024-10-15T11:29:48 GMT-12:00" name="Default suite" finished-at="2024-10-15T11:29:53 GMT-12:00" duration-ms="5369">
    <groups>
    </groups>
    <test started-at="2024-10-15T11:29:48 GMT-12:00" name="Default test" finished-at="2024-10-15T11:29:53 GMT-12:00" duration-ms="5369">
      <class name="test.pg_logintest">
        <test-method is-config="true" signature="setup()[pri:0, instance:test.pg_logintest@2a265ea9]" started-at="2024-10-15T11:29:48 GMT-12:00" name="setup" finished-at="2024-10-15T11:29:51 GMT-12:00" duration-ms="2575" status="PASS">
          <reporter-output>
          </reporter-output>
        </test-method> <!-- setup -->
        <test-method is-config="true" signature="url()[pri:0, instance:test.pg_logintest@2a265ea9]" started-at="2024-10-15T11:29:51 GMT-12:00" name="url" finished-at="2024-10-15T11:29:53 GMT-12:00" duration-ms="2330" status="PASS">
          <reporter-output>
          </reporter-output>
        </test-method> <!-- url -->
        <test-method signature="testlogin()[pri:0, instance:test.pg_logintest@2a265ea9]" started-at="2024-10-15T11:29:53 GMT-12:00" name="testlogin" finished-at="2024-10-15T11:29:53 GMT-12:00" duration-ms="387" status="PASS">
          <reporter-output>
          </reporter-output>
        </test-method> <!-- testlogin -->
      </class> <!-- test.pg_logintest -->
    </test> <!-- Default test -->
  </suite> <!-- Default suite -->
</testng-results>
